0 verbose cli C:\Program Files\nodejs\node.exe C:\Program Files\nodejs\node_modules\npm\bin\npm-cli.js
1 info using npm@11.9.0
2 info using node@v24.14.0
3 silly config load:file:C:\Program Files\nodejs\node_modules\npm\npmrc
4 silly config load:file:E:\SANATAN\.npmrc
5 silly config load:file:C:\Users\Avadhesh Singh\.npmrc
6 silly config load:file:C:\Users\Avadhesh Singh\AppData\Roaming\npm\etc\npmrc
7 verbose title npm exec tsx prisma/seed.ts
8 verbose argv "exec" "--" "tsx" "prisma/seed.ts"
9 verbose logfile logs-max:10 dir:e:\SANATAN\.npm-cache\_logs\2026-06-03T01_14_36_469Z-
10 verbose logfile e:\SANATAN\.npm-cache\_logs\2026-06-03T01_14_36_469Z-debug-0.log
11 silly logfile done cleaning log files
12 silly packumentCache heap:4496293888 maxSize:1124073472 maxEntrySize:562036736
13 http fetch GET 200 https://registry.npmjs.org/tsx 182ms (cache miss)
14 silly packumentCache heap:4496293888 maxSize:1124073472 maxEntrySize:562036736
15 silly packumentCache heap:4496293888 maxSize:1124073472 maxEntrySize:562036736
16 warn exec The following package was not found and will be installed: tsx@4.22.4
17 silly idealTree buildDeps
18 silly fetch manifest tsx@4.22.4
19 silly packumentCache full:https://registry.npmjs.org/tsx cache-miss
20 http fetch GET 200 https://registry.npmjs.org/tsx 61ms (cache miss)
21 silly packumentCache full:https://registry.npmjs.org/tsx set size:undefined disposed:false
22 silly placeDep ROOT tsx@4.22.4 OK for:  want: 4.22.4
23 silly fetch manifest esbuild@~0.28.0
24 silly packumentCache full:https://registry.npmjs.org/esbuild cache-miss
25 silly fetch manifest fsevents@~2.3.3
26 silly packumentCache full:https://registry.npmjs.org/fsevents cache-miss
27 http fetch GET 200 https://registry.npmjs.org/fsevents 143ms (cache miss)
28 silly packumentCache full:https://registry.npmjs.org/fsevents set size:undefined disposed:false
29 http fetch GET 200 https://registry.npmjs.org/esbuild 151ms (cache miss)
30 silly packumentCache full:https://registry.npmjs.org/esbuild set size:undefined disposed:false
31 silly placeDep ROOT esbuild@0.28.0 OK for: tsx@4.22.4 want: ~0.28.0
32 silly placeDep ROOT fsevents@2.3.3 OK for: tsx@4.22.4 want: ~2.3.3
33 silly fetch manifest @esbuild/aix-ppc64@0.28.0
34 silly packumentCache full:https://registry.npmjs.org/@esbuild%2faix-ppc64 cache-miss
35 silly fetch manifest @esbuild/android-arm@0.28.0
36 silly packumentCache full:https://registry.npmjs.org/@esbuild%2fandroid-arm cache-miss
37 silly fetch manifest @esbuild/android-arm64@0.28.0
38 silly packumentCache full:https://registry.npmjs.org/@esbuild%2fandroid-arm64 cache-miss
39 silly fetch manifest @esbuild/android-x64@0.28.0
40 silly packumentCache full:https://registry.npmjs.org/@esbuild%2fandroid-x64 cache-miss
41 silly fetch manifest @esbuild/darwin-arm64@0.28.0
42 silly packumentCache full:https://registry.npmjs.org/@esbuild%2fdarwin-arm64 cache-miss
43 silly fetch manifest @esbuild/darwin-x64@0.28.0
44 silly packumentCache full:https://registry.npmjs.org/@esbuild%2fdarwin-x64 cache-miss
45 silly fetch manifest @esbuild/freebsd-arm64@0.28.0
46 silly packumentCache full:https://registry.npmjs.org/@esbuild%2ffreebsd-arm64 cache-miss
47 silly fetch manifest @esbuild/freebsd-x64@0.28.0
48 silly packumentCache full:https://registry.npmjs.org/@esbuild%2ffreebsd-x64 cache-miss
49 silly fetch manifest @esbuild/linux-arm@0.28.0
50 silly packumentCache full:https://registry.npmjs.org/@esbuild%2flinux-arm cache-miss
51 silly fetch manifest @esbuild/linux-arm64@0.28.0
52 silly packumentCache full:https://registry.npmjs.org/@esbuild%2flinux-arm64 cache-miss
53 silly fetch manifest @esbuild/linux-ia32@0.28.0
54 silly packumentCache full:https://registry.npmjs.org/@esbuild%2flinux-ia32 cache-miss
55 http fetch GET 200 https://registry.npmjs.org/@esbuild%2faix-ppc64 95ms (cache miss)
56 silly packumentCache full:https://registry.npmjs.org/@esbuild%2faix-ppc64 set size:undefined disposed:false
57 silly fetch manifest @esbuild/linux-loong64@0.28.0
58 silly packumentCache full:https://registry.npmjs.org/@esbuild%2flinux-loong64 cache-miss
59 http fetch GET 200 https://registry.npmjs.org/@esbuild%2fandroid-arm 102ms (cache miss)
60 silly packumentCache full:https://registry.npmjs.org/@esbuild%2fandroid-arm set size:undefined disposed:false
61 silly fetch manifest @esbuild/linux-mips64el@0.28.0
62 silly packumentCache full:https://registry.npmjs.org/@esbuild%2flinux-mips64el cache-miss
63 http fetch GET 200 https://registry.npmjs.org/@esbuild%2fandroid-x64 149ms (cache miss)
64 silly packumentCache full:https://registry.npmjs.org/@esbuild%2fandroid-x64 set size:undefined disposed:false
65 silly fetch manifest @esbuild/linux-ppc64@0.28.0
66 silly packumentCache full:https://registry.npmjs.org/@esbuild%2flinux-ppc64 cache-miss
67 http fetch GET 200 https://registry.npmjs.org/@esbuild%2fdarwin-x64 154ms (cache miss)
68 silly packumentCache full:https://registry.npmjs.org/@esbuild%2fdarwin-x64 set size:undefined disposed:false
69 silly fetch manifest @esbuild/linux-riscv64@0.28.0
70 silly packumentCache full:https://registry.npmjs.org/@esbuild%2flinux-riscv64 cache-miss
71 http fetch GET 200 https://registry.npmjs.org/@esbuild%2fandroid-arm64 164ms (cache miss)
72 silly packumentCache full:https://registry.npmjs.org/@esbuild%2fandroid-arm64 set size:undefined disposed:false
73 silly fetch manifest @esbuild/linux-s390x@0.28.0
74 silly packumentCache full:https://registry.npmjs.org/@esbuild%2flinux-s390x cache-miss
75 http fetch GET 200 https://registry.npmjs.org/@esbuild%2flinux-arm64 179ms (cache miss)
76 silly packumentCache full:https://registry.npmjs.org/@esbuild%2flinux-arm64 set size:undefined disposed:false
77 silly fetch manifest @esbuild/linux-x64@0.28.0
78 silly packumentCache full:https://registry.npmjs.org/@esbuild%2flinux-x64 cache-miss
79 http fetch GET 200 https://registry.npmjs.org/@esbuild%2flinux-ia32 181ms (cache miss)
80 silly packumentCache full:https://registry.npmjs.org/@esbuild%2flinux-ia32 set size:undefined disposed:false
81 silly fetch manifest @esbuild/netbsd-arm64@0.28.0
82 silly packumentCache full:https://registry.npmjs.org/@esbuild%2fnetbsd-arm64 cache-miss
83 http fetch GET 200 https://registry.npmjs.org/@esbuild%2flinux-ppc64 59ms (cache miss)
84 silly packumentCache full:https://registry.npmjs.org/@esbuild%2flinux-ppc64 set size:undefined disposed:false
85 silly fetch manifest @esbuild/netbsd-x64@0.28.0
86 silly packumentCache full:https://registry.npmjs.org/@esbuild%2fnetbsd-x64 cache-miss
87 http fetch GET 200 https://registry.npmjs.org/@esbuild%2flinux-s390x 57ms (cache miss)
88 silly packumentCache full:https://registry.npmjs.org/@esbuild%2flinux-s390x set size:undefined disposed:false
89 silly fetch manifest @esbuild/openbsd-arm64@0.28.0
90 silly packumentCache full:https://registry.npmjs.org/@esbuild%2fopenbsd-arm64 cache-miss
91 http fetch GET 200 https://registry.npmjs.org/@esbuild%2flinux-x64 68ms (cache miss)
92 silly packumentCache full:https://registry.npmjs.org/@esbuild%2flinux-x64 set size:undefined disposed:false
93 silly fetch manifest @esbuild/openbsd-x64@0.28.0
94 silly packumentCache full:https://registry.npmjs.org/@esbuild%2fopenbsd-x64 cache-miss
95 http fetch GET 200 https://registry.npmjs.org/@esbuild%2fnetbsd-x64 58ms (cache miss)
96 silly packumentCache full:https://registry.npmjs.org/@esbuild%2fnetbsd-x64 set size:undefined disposed:false
97 silly fetch manifest @esbuild/openharmony-arm64@0.28.0
98 silly packumentCache full:https://registry.npmjs.org/@esbuild%2fopenharmony-arm64 cache-miss
99 http fetch GET 200 https://registry.npmjs.org/@esbuild%2fopenbsd-arm64 52ms (cache miss)
100 silly packumentCache full:https://registry.npmjs.org/@esbuild%2fopenbsd-arm64 set size:undefined disposed:false
101 silly fetch manifest @esbuild/sunos-x64@0.28.0
102 silly packumentCache full:https://registry.npmjs.org/@esbuild%2fsunos-x64 cache-miss
103 http fetch GET 200 https://registry.npmjs.org/@esbuild%2flinux-arm 287ms (cache miss)
104 silly packumentCache full:https://registry.npmjs.org/@esbuild%2flinux-arm set size:undefined disposed:false
105 silly fetch manifest @esbuild/win32-arm64@0.28.0
106 silly packumentCache full:https://registry.npmjs.org/@esbuild%2fwin32-arm64 cache-miss
107 http fetch GET 200 https://registry.npmjs.org/@esbuild%2flinux-mips64el 197ms (cache miss)
108 silly packumentCache full:https://registry.npmjs.org/@esbuild%2flinux-mips64el set size:undefined disposed:false
109 silly fetch manifest @esbuild/win32-ia32@0.28.0
110 silly packumentCache full:https://registry.npmjs.org/@esbuild%2fwin32-ia32 cache-miss
111 http fetch GET 200 https://registry.npmjs.org/@esbuild%2flinux-loong64 225ms (cache miss)
112 silly packumentCache full:https://registry.npmjs.org/@esbuild%2flinux-loong64 set size:undefined disposed:false
113 silly fetch manifest @esbuild/win32-x64@0.28.0
114 silly packumentCache full:https://registry.npmjs.org/@esbuild%2fwin32-x64 cache-miss
115 http fetch GET 200 https://registry.npmjs.org/@esbuild%2fopenharmony-arm64 53ms (cache miss)
116 silly packumentCache full:https://registry.npmjs.org/@esbuild%2fopenharmony-arm64 set size:undefined disposed:false
117 http fetch GET 200 https://registry.npmjs.org/@esbuild%2fopenbsd-x64 73ms (cache miss)
118 silly packumentCache full:https://registry.npmjs.org/@esbuild%2fopenbsd-x64 set size:undefined disposed:false
119 http fetch GET 200 https://registry.npmjs.org/@esbuild%2fsunos-x64 64ms (cache miss)
120 silly packumentCache full:https://registry.npmjs.org/@esbuild%2fsunos-x64 set size:undefined disposed:false
121 http fetch GET 200 https://registry.npmjs.org/@esbuild%2fwin32-ia32 71ms (cache miss)
122 silly packumentCache full:https://registry.npmjs.org/@esbuild%2fwin32-ia32 set size:undefined disposed:false
123 http fetch GET 200 https://registry.npmjs.org/@esbuild%2fnetbsd-arm64 192ms (cache miss)
124 silly packumentCache full:https://registry.npmjs.org/@esbuild%2fnetbsd-arm64 set size:undefined disposed:false
125 http fetch GET 200 https://registry.npmjs.org/@esbuild%2ffreebsd-x64 379ms (cache miss)
126 silly packumentCache full:https://registry.npmjs.org/@esbuild%2ffreebsd-x64 set size:undefined disposed:false
127 http fetch GET 200 https://registry.npmjs.org/@esbuild%2fwin32-x64 69ms (cache miss)
128 silly packumentCache full:https://registry.npmjs.org/@esbuild%2fwin32-x64 set size:undefined disposed:false
129 http fetch GET 200 https://registry.npmjs.org/@esbuild%2fdarwin-arm64 394ms (cache miss)
130 silly packumentCache full:https://registry.npmjs.org/@esbuild%2fdarwin-arm64 set size:undefined disposed:false
131 http fetch GET 200 https://registry.npmjs.org/@esbuild%2flinux-riscv64 274ms (cache miss)
132 silly packumentCache full:https://registry.npmjs.org/@esbuild%2flinux-riscv64 set size:undefined disposed:false
133 http fetch GET 200 https://registry.npmjs.org/@esbuild%2fwin32-arm64 292ms (cache miss)
134 silly packumentCache full:https://registry.npmjs.org/@esbuild%2fwin32-arm64 set size:undefined disposed:false
135 http fetch GET 200 https://registry.npmjs.org/@esbuild%2ffreebsd-arm64 618ms (cache miss)
136 silly packumentCache full:https://registry.npmjs.org/@esbuild%2ffreebsd-arm64 set size:undefined disposed:false
137 silly placeDep ROOT @esbuild/aix-ppc64@0.28.0 OK for: esbuild@0.28.0 want: 0.28.0
138 silly placeDep ROOT @esbuild/android-arm@0.28.0 OK for: esbuild@0.28.0 want: 0.28.0
139 silly placeDep ROOT @esbuild/android-arm64@0.28.0 OK for: esbuild@0.28.0 want: 0.28.0
140 silly placeDep ROOT @esbuild/android-x64@0.28.0 OK for: esbuild@0.28.0 want: 0.28.0
141 silly placeDep ROOT @esbuild/darwin-arm64@0.28.0 OK for: esbuild@0.28.0 want: 0.28.0
142 silly placeDep ROOT @esbuild/darwin-x64@0.28.0 OK for: esbuild@0.28.0 want: 0.28.0
143 silly placeDep ROOT @esbuild/freebsd-arm64@0.28.0 OK for: esbuild@0.28.0 want: 0.28.0
144 silly placeDep ROOT @esbuild/freebsd-x64@0.28.0 OK for: esbuild@0.28.0 want: 0.28.0
145 silly placeDep ROOT @esbuild/linux-arm@0.28.0 OK for: esbuild@0.28.0 want: 0.28.0
146 silly placeDep ROOT @esbuild/linux-arm64@0.28.0 OK for: esbuild@0.28.0 want: 0.28.0
147 silly placeDep ROOT @esbuild/linux-ia32@0.28.0 OK for: esbuild@0.28.0 want: 0.28.0
148 silly placeDep ROOT @esbuild/linux-loong64@0.28.0 OK for: esbuild@0.28.0 want: 0.28.0
149 silly placeDep ROOT @esbuild/linux-mips64el@0.28.0 OK for: esbuild@0.28.0 want: 0.28.0
150 silly placeDep ROOT @esbuild/linux-ppc64@0.28.0 OK for: esbuild@0.28.0 want: 0.28.0
151 silly placeDep ROOT @esbuild/linux-riscv64@0.28.0 OK for: esbuild@0.28.0 want: 0.28.0
152 silly placeDep ROOT @esbuild/linux-s390x@0.28.0 OK for: esbuild@0.28.0 want: 0.28.0
153 silly placeDep ROOT @esbuild/linux-x64@0.28.0 OK for: esbuild@0.28.0 want: 0.28.0
154 silly placeDep ROOT @esbuild/netbsd-arm64@0.28.0 OK for: esbuild@0.28.0 want: 0.28.0
155 silly placeDep ROOT @esbuild/netbsd-x64@0.28.0 OK for: esbuild@0.28.0 want: 0.28.0
156 silly placeDep ROOT @esbuild/openbsd-arm64@0.28.0 OK for: esbuild@0.28.0 want: 0.28.0
157 silly placeDep ROOT @esbuild/openbsd-x64@0.28.0 OK for: esbuild@0.28.0 want: 0.28.0
158 silly placeDep ROOT @esbuild/openharmony-arm64@0.28.0 OK for: esbuild@0.28.0 want: 0.28.0
159 silly placeDep ROOT @esbuild/sunos-x64@0.28.0 OK for: esbuild@0.28.0 want: 0.28.0
160 silly placeDep ROOT @esbuild/win32-arm64@0.28.0 OK for: esbuild@0.28.0 want: 0.28.0
161 silly placeDep ROOT @esbuild/win32-ia32@0.28.0 OK for: esbuild@0.28.0 want: 0.28.0
162 silly placeDep ROOT @esbuild/win32-x64@0.28.0 OK for: esbuild@0.28.0 want: 0.28.0
163 silly reify moves {}
164 silly audit bulk request {
164 silly audit   tsx: [ '4.22.4' ],
164 silly audit   esbuild: [ '0.28.0' ],
164 silly audit   fsevents: [ '2.3.3' ],
164 silly audit   '@esbuild/aix-ppc64': [ '0.28.0' ],
164 silly audit   '@esbuild/android-arm': [ '0.28.0' ],
164 silly audit   '@esbuild/android-arm64': [ '0.28.0' ],
164 silly audit   '@esbuild/android-x64': [ '0.28.0' ],
164 silly audit   '@esbuild/darwin-arm64': [ '0.28.0' ],
164 silly audit   '@esbuild/darwin-x64': [ '0.28.0' ],
164 silly audit   '@esbuild/freebsd-arm64': [ '0.28.0' ],
164 silly audit   '@esbuild/freebsd-x64': [ '0.28.0' ],
164 silly audit   '@esbuild/linux-arm': [ '0.28.0' ],
164 silly audit   '@esbuild/linux-arm64': [ '0.28.0' ],
164 silly audit   '@esbuild/linux-ia32': [ '0.28.0' ],
164 silly audit   '@esbuild/linux-loong64': [ '0.28.0' ],
164 silly audit   '@esbuild/linux-mips64el': [ '0.28.0' ],
164 silly audit   '@esbuild/linux-ppc64': [ '0.28.0' ],
164 silly audit   '@esbuild/linux-riscv64': [ '0.28.0' ],
164 silly audit   '@esbuild/linux-s390x': [ '0.28.0' ],
164 silly audit   '@esbuild/linux-x64': [ '0.28.0' ],
164 silly audit   '@esbuild/netbsd-arm64': [ '0.28.0' ],
164 silly audit   '@esbuild/netbsd-x64': [ '0.28.0' ],
164 silly audit   '@esbuild/openbsd-arm64': [ '0.28.0' ],
164 silly audit   '@esbuild/openbsd-x64': [ '0.28.0' ],
164 silly audit   '@esbuild/openharmony-arm64': [ '0.28.0' ],
164 silly audit   '@esbuild/sunos-x64': [ '0.28.0' ],
164 silly audit   '@esbuild/win32-arm64': [ '0.28.0' ],
164 silly audit   '@esbuild/win32-ia32': [ '0.28.0' ],
164 silly audit   '@esbuild/win32-x64': [ '0.28.0' ]
164 silly audit }
165 http cache esbuild@https://registry.npmjs.org/esbuild/-/esbuild-0.28.0.tgz 1ms (cache hit)
166 http cache @esbuild/win32-x64@https://registry.npmjs.org/@esbuild/win32-x64/-/win32-x64-0.28.0.tgz 0ms (cache hit)
167 http cache tsx@https://registry.npmjs.org/tsx/-/tsx-4.22.4.tgz 1ms (cache hit)
168 silly tarball no local data for esbuild@https://registry.npmjs.org/esbuild/-/esbuild-0.28.0.tgz. Extracting by manifest.
169 silly tarball no local data for @esbuild/win32-x64@https://registry.npmjs.org/@esbuild/win32-x64/-/win32-x64-0.28.0.tgz. Extracting by manifest.
170 silly tarball no local data for tsx@https://registry.npmjs.org/tsx/-/tsx-4.22.4.tgz. Extracting by manifest.
171 http fetch GET 200 https://registry.npmjs.org/esbuild/-/esbuild-0.28.0.tgz 67ms (cache miss)
172 http fetch GET 200 https://registry.npmjs.org/tsx/-/tsx-4.22.4.tgz 136ms (cache miss)
173 http fetch POST 200 https://registry.npmjs.org/-/npm/v1/security/advisories/bulk 275ms
174 silly audit report {}
175 http fetch GET 200 https://registry.npmjs.org/@esbuild/win32-x64/-/win32-x64-0.28.0.tgz 759ms (cache miss)
176 info run esbuild@0.28.0 postinstall node_modules/esbuild node install.js
177 info run esbuild@0.28.0 postinstall { code: 0, signal: null }
178 verbose cwd E:\SANATAN
179 verbose os Windows_NT 10.0.26200
180 verbose node v24.14.0
181 verbose npm  v11.9.0
182 verbose exit 0
183 info ok
